[Fri 21 Jun 2019 11:02:07 PKT] [info] instantiating backup controller 6e1e289bb09fd896aa7ff24200dc06e7
[Fri 21 Jun 2019 11:02:07 PKT] [debug] setting controller status to 100
[Fri 21 Jun 2019 11:02:07 PKT] [debug] loading controller plan
[Fri 21 Jun 2019 11:02:07 PKT] [debug] setting controller status to 300
[Fri 21 Jun 2019 11:02:07 PKT] [debug] applying plan defaults
[Fri 21 Jun 2019 11:02:07 PKT] [debug] setting controller status to 400
[Fri 21 Jun 2019 11:02:07 PKT] [debug] setting file inclusion to 0
[Fri 21 Jun 2019 11:02:07 PKT] [info] checking plan security
[Fri 21 Jun 2019 11:02:07 PKT] [debug] setting controller status to 500
[Fri 21 Jun 2019 11:02:07 PKT] [info] checking plan security
[Fri 21 Jun 2019 11:02:07 PKT] [info] checking plan security
[Fri 21 Jun 2019 11:02:07 PKT] [info] checking plan security
[Fri 21 Jun 2019 11:02:07 PKT] [debug] saving controller to db
[Fri 21 Jun 2019 11:02:07 PKT] [debug] calculating controller checksum 12d5b00e3f95e697d708ada93c84003f
[Fri 21 Jun 2019 11:02:12 PKT] [debug] loading controller from db
[Fri 21 Jun 2019 11:02:13 PKT] [info] checking plan security
[Fri 21 Jun 2019 11:02:13 PKT] [info] checking plan security
[Fri 21 Jun 2019 11:02:13 PKT] [info] checking plan security
[Fri 21 Jun 2019 11:02:15 PKT] [debug] saving controller to db
[Fri 21 Jun 2019 11:02:16 PKT] [debug] calculating controller checksum 12d5b00e3f95e697d708ada93c84003f
